setting 'ivy.default.settings.dir' to 'jar:file:/Users/nnarkhed/network/Projects/scalathon/lib/sbt-launch.jar!/org/apache/ivy/core/settings'
setting 'ivy.basedir' to '/Users/nnarkhed/network/Projects/scalathon/.'
setting 'ivy.default.conf.dir' to 'jar:file:/Users/nnarkhed/network/Projects/scalathon/lib/sbt-launch.jar!/org/apache/ivy/core/settings'
impossible to define new type: class not found: org.apache.ivy.plugins.version.PatternVersionMatcher in [] nor Ivy classloader
impossible to define new type: class not found: org.apache.ivy.plugins.trigger.LogTrigger in [] nor Ivy classloader
impossible to define new type: class not found: org.apache.ivy.plugins.resolver.VsftpResolver in [] nor Ivy classloader
impossible to define new type: class not found: org.apache.ivy.plugins.conflict.RegexpConflictManager in [] nor Ivy classloader
impossible to define new type: class not found: org.apache.ivy.plugins.resolver.SshResolver in [] nor Ivy classloader
impossible to define new type: class not found: org.apache.ivy.plugins.resolver.VfsResolver in [] nor Ivy classloader
impossible to define new type: class not found: org.apache.ivy.plugins.resolver.SFTPResolver in [] nor Ivy classloader
impossible to define new type: class not found: org.apache.ivy.plugins.resolver.packager.PackagerResolver in [] nor Ivy classloader
impossible to define new type: class not found: org.apache.ivy.ant.AntCallTrigger in [] nor Ivy classloader
impossible to define new type: class not found: org.apache.ivy.plugins.resolver.IvyRepResolver in [] nor Ivy classloader
impossible to define new type: class not found: org.apache.ivy.ant.AntBuildTrigger in [] nor Ivy classloader
impossible to define glob matcher: org.apache.ivy.plugins.matcher.GlobPatternMatcher was not found.
setting 'java.runtime.name' to 'Java(TM) SE Runtime Environment'
setting 'sun.boot.library.path' to '/System/Library/Frameworks/JavaVM.framework/Versions/1.6.0/Libraries'
setting 'java.vm.version' to '16.3-b01-279'
setting 'awt.nativeDoubleBuffering' to 'true'
setting 'gopherProxySet' to 'false'
setting 'mrj.build' to '9M3165'
setting 'java.vm.vendor' to 'Apple Inc.'
setting 'java.vendor.url' to 'http://www.apple.com/'
setting 'path.separator' to ':'
setting 'java.vm.name' to 'Java HotSpot(TM) 64-Bit Server VM'
setting 'file.encoding.pkg' to 'sun.io'
setting 'sun.java.launcher' to 'SUN_STANDARD'
setting 'user.country' to 'US'
setting 'sun.os.patch.level' to 'unknown'
setting 'java.vm.specification.name' to 'Java Virtual Machine Specification'
setting 'user.dir' to '/Users/nnarkhed/network/Projects/scalathon'
setting 'java.runtime.version' to '1.6.0_20-b02-279-9M3165'
setting 'java.awt.graphicsenv' to 'apple.awt.CGraphicsEnvironment'
setting 'java.endorsed.dirs' to '/System/Library/Frameworks/JavaVM.framework/Versions/1.6.0/Home/lib/endorsed'
setting 'os.arch' to 'x86_64'
setting 'java.io.tmpdir' to '/var/folders/vH/vHIiYRkREeWDdJBtiQ2d1E+++TM/-Tmp-/'
setting 'line.separator' to '
'
setting 'java.vm.specification.vendor' to 'Sun Microsystems Inc.'
setting 'os.name' to 'Mac OS X'
setting 'sun.jnu.encoding' to 'MacRoman'
setting 'java.library.path' to '.:/Library/Java/Extensions:/System/Library/Java/Extensions:/usr/lib/java'
setting 'java.specification.name' to 'Java Platform API Specification'
setting 'java.class.version' to '50.0'
setting 'sun.management.compiler' to 'HotSpot 64-Bit Server Compiler'
setting 'os.version' to '10.5.8'
setting 'http.nonProxyHosts' to 'local|*.local|169.254/16|*.169.254/16'
setting 'user.home' to '/Users/nnarkhed'
setting 'user.timezone' to 'America/Los_Angeles'
setting 'java.awt.printerjob' to 'apple.awt.CPrinterJob'
setting 'file.encoding' to 'MacRoman'
setting 'java.specification.version' to '1.6'
setting 'java.class.path' to './lib/sbt-launch.jar'
setting 'user.name' to 'nnarkhed'
setting 'java.vm.specification.version' to '1.0'
setting 'java.home' to '/System/Library/Frameworks/JavaVM.framework/Versions/1.6.0/Home'
setting 'sun.arch.data.model' to '64'
setting 'user.language' to 'en'
setting 'java.specification.vendor' to 'Sun Microsystems Inc.'
setting 'awt.toolkit' to 'apple.awt.CToolkit'
setting 'java.vm.info' to 'mixed mode'
setting 'java.version' to '1.6.0_20'
setting 'java.ext.dirs' to '/Library/Java/Extensions:/System/Library/Java/Extensions:/System/Library/Frameworks/JavaVM.framework/Versions/1.6.0/Home/lib/ext'
setting 'sun.boot.class.path' to '/System/Library/Frameworks/JavaVM.framework/Versions/1.6.0/Classes/jsfd.jar:/System/Library/Frameworks/JavaVM.framework/Versions/1.6.0/Classes/classes.jar:/System/Library/Frameworks/JavaVM.framework/Frameworks/JavaRuntimeSupport.framework/Resources/Java/JavaRuntimeSupport.jar:/System/Library/Frameworks/JavaVM.framework/Versions/1.6.0/Classes/ui.jar:/System/Library/Frameworks/JavaVM.framework/Versions/1.6.0/Classes/laf.jar:/System/Library/Frameworks/JavaVM.framework/Versions/1.6.0/Classes/sunrsasign.jar:/System/Library/Frameworks/JavaVM.framework/Versions/1.6.0/Classes/jsse.jar:/System/Library/Frameworks/JavaVM.framework/Versions/1.6.0/Classes/jce.jar:/System/Library/Frameworks/JavaVM.framework/Versions/1.6.0/Classes/charsets.jar'
setting 'java.vendor' to 'Apple Inc.'
setting 'file.separator' to '/'
setting 'java.vendor.url.bug' to 'http://bugreport.apple.com/'
setting 'sun.io.unicode.encoding' to 'UnicodeLittle'
setting 'sun.cpu.endian' to 'little'
setting 'mrj.version' to '1050.1.6.0_20-279'
setting 'socksNonProxyHosts' to 'local|*.local|169.254/16|*.169.254/16'
setting 'ftp.nonProxyHosts' to 'local|*.local|169.254/16|*.169.254/16'
setting 'sun.cpu.isalist' to ''
setting 'ivy.default.ivy.user.dir' to '/Users/nnarkhed/.ivy2'
setting 'ivy.home' to '/Users/nnarkhed/.ivy2'
no default ivy user dir defined: set to /Users/nnarkhed/.ivy2
setting 'ivy.cache.dir' to '/Users/nnarkhed/.ivy2/cache'
no default cache defined: set to /Users/nnarkhed/.ivy2/cache
setting 'ivy.basedir' to '/Users/nnarkhed/network/Projects/scalathon/project/boot'
setting 'basedir' to '/Users/nnarkhed/network/Projects/scalathon/project/boot'
setting 'scala' to '2.8.0'
:: resolving dependencies :: org.scala-tools.sbt#boot-scala;1.0
	confs: [default]
	validate = true
	refresh = false
resolving dependencies for configuration 'default'
== resolving dependencies for org.scala-tools.sbt#boot-scala;1.0 [default]
loadData of org.scala-tools.sbt#boot-scala;1.0 of rootConf=default
== resolving dependencies org.scala-tools.sbt#boot-scala;1.0->org.scala-lang#scala-compiler;2.8.0 [default->default]
loadData of org.scala-lang#scala-compiler;2.8.0 of rootConf=default
	using redefined-public to resolve org.scala-lang#scala-compiler;2.8.0
redefined-public: Checking cache for: dependency: org.scala-lang#scala-compiler;2.8.0 {default=[default]}
redefined-public: no namespace defined: using system
No entry is found in the ModuleDescriptorCache : /Users/nnarkhed/.ivy2/cache/org.scala-lang/scala-compiler/ivy-2.8.0.xml
pre 1.3 ivy file: using exactOrRegexp as default matcher
	found ivy file in cache for org.scala-lang#scala-compiler;2.8.0 (resolved by Maven2 Local): /Users/nnarkhed/.ivy2/cache/org.scala-lang/scala-compiler/ivy-2.8.0.xml
redefined-public: module revision found in cache: org.scala-lang#scala-compiler;2.8.0
redefined-public: no latest strategy defined: using default
	found org.scala-lang#scala-compiler;2.8.0 in Maven2 Local
== resolving dependencies org.scala-tools.sbt#boot-scala;1.0->org.scala-lang#scala-compiler;2.8.0 [default->runtime]
loadData of org.scala-lang#scala-compiler;2.8.0 of rootConf=default
== resolving dependencies org.scala-tools.sbt#boot-scala;1.0->org.scala-lang#scala-compiler;2.8.0 [default->compile]
loadData of org.scala-lang#scala-compiler;2.8.0 of rootConf=default
== resolving dependencies org.scala-lang#scala-compiler;2.8.0->org.scala-lang#scala-library;2.8.0 [compile->master(*)]
loadData of org.scala-lang#scala-library;2.8.0 of rootConf=default
	using redefined-public to resolve org.scala-lang#scala-library;2.8.0
redefined-public: Checking cache for: dependency: org.scala-lang#scala-library;2.8.0 {compile=[compile(*), master(*)], runtime=[runtime(*)]}
No entry is found in the ModuleDescriptorCache : /Users/nnarkhed/.ivy2/cache/org.scala-lang/scala-library/ivy-2.8.0.xml
pre 1.3 ivy file: using exactOrRegexp as default matcher
	found ivy file in cache for org.scala-lang#scala-library;2.8.0 (resolved by Maven2 Local): /Users/nnarkhed/.ivy2/cache/org.scala-lang/scala-library/ivy-2.8.0.xml
redefined-public: module revision found in cache: org.scala-lang#scala-library;2.8.0
	found org.scala-lang#scala-library;2.8.0 in Maven2 Local
== resolving dependencies org.scala-lang#scala-compiler;2.8.0->org.scala-lang#scala-library;2.8.0 [compile->compile(*)]
loadData of org.scala-lang#scala-library;2.8.0 of rootConf=default
== resolving dependencies org.scala-lang#scala-compiler;2.8.0->org.scala-lang#scala-library;2.8.0 [compile->default]
loadData of org.scala-lang#scala-library;2.8.0 of rootConf=default
== resolving dependencies org.scala-lang#scala-compiler;2.8.0->org.scala-lang#scala-library;2.8.0 [compile->runtime]
loadData of org.scala-lang#scala-library;2.8.0 of rootConf=default
== resolving dependencies org.scala-lang#scala-compiler;2.8.0->org.scala-lang#scala-library;2.8.0 [compile->compile]
loadData of org.scala-lang#scala-library;2.8.0 of rootConf=default
== resolving dependencies org.scala-lang#scala-compiler;2.8.0->org.scala-lang#scala-library;2.8.0 [compile->master]
loadData of org.scala-lang#scala-library;2.8.0 of rootConf=default
== resolving dependencies org.scala-lang#scala-compiler;2.8.0->org.scala-lang#scala-library;2.8.0 [runtime->runtime(*)]
loadData of org.scala-lang#scala-library;2.8.0 of rootConf=default
== resolving dependencies org.scala-lang#scala-compiler;2.8.0->org.scala-lang#scala-library;2.8.0 [runtime->compile]
loadData of org.scala-lang#scala-library;2.8.0 of rootConf=default
default is loaded and no conf to load.  Skip loading
== resolving dependencies org.scala-tools.sbt#boot-scala;1.0->org.scala-lang#scala-compiler;2.8.0 [default->master]
loadData of org.scala-lang#scala-compiler;2.8.0 of rootConf=default
== resolving dependencies org.scala-tools.sbt#boot-scala;1.0->org.scala-lang#scala-library;2.8.0 [default->default]
loadData of org.scala-lang#scala-library;2.8.0 of rootConf=default
default is loaded and no conf to load.  Skip loading
== resolving dependencies org.scala-tools.sbt#boot-scala;1.0->org.scala-lang#scala-library;2.8.0 [default->runtime]
loadData of org.scala-lang#scala-library;2.8.0 of rootConf=default
default is loaded and no conf to load.  Skip loading
== resolving dependencies org.scala-tools.sbt#boot-scala;1.0->org.scala-lang#scala-library;2.8.0 [default->compile]
loadData of org.scala-lang#scala-library;2.8.0 of rootConf=default
default is loaded and no conf to load.  Skip loading
== resolving dependencies org.scala-tools.sbt#boot-scala;1.0->org.scala-lang#scala-library;2.8.0 [default->master]
loadData of org.scala-lang#scala-library;2.8.0 of rootConf=default
default is loaded and no conf to load.  Skip loading
Nbr of module to sort : 2
Sort dependencies of : org.scala-lang#scala-compiler;2.8.0 / Number of dependencies = 2
Sort dependencies of : org.scala-lang#scala-library;2.8.0 / Number of dependencies = 0
Sort done for : org.scala-lang#scala-library;2.8.0
Sort done for : org.scala-lang#scala-compiler;2.8.0
Module descriptor is processed : org.scala-lang#scala-library;2.8.0
	resolved ivy file produced in /Users/nnarkhed/.ivy2/cache/resolved-org.scala-tools.sbt-boot-scala-1.0.xml
:: downloading artifacts ::
	[NOT REQUIRED] org.scala-lang#scala-compiler;2.8.0!scala-compiler.jar
	[NOT REQUIRED] org.scala-lang#scala-library;2.8.0!scala-library.jar
:: resolution report :: resolve 113ms :: artifacts dl 3ms
Nbr of module to sort : 2
Sort dependencies of : org.scala-lang#scala-compiler;2.8.0 / Number of dependencies = 2
Sort dependencies of : org.scala-lang#scala-library;2.8.0 / Number of dependencies = 0
Sort done for : org.scala-lang#scala-library;2.8.0
Sort done for : org.scala-lang#scala-compiler;2.8.0
Module descriptor is processed : org.scala-lang#scala-library;2.8.0
	report for org.scala-tools.sbt#boot-scala;1.0 default produced in /Users/nnarkhed/.ivy2/cache/org.scala-tools.sbt-boot-scala-default.xml
	resolve done (113ms resolve - 3ms download)
:: retrieving :: org.scala-tools.sbt#boot-scala
	checkUpToDate=true
no explicit confs given for retrieve, using ivy file: /Users/nnarkhed/.ivy2/cache/resolved-org.scala-tools.sbt-boot-scala-1.0.xml
using ivy parser to parse /Users/nnarkhed/.ivy2/cache/resolved-org.scala-tools.sbt-boot-scala-1.0.xml
pre 1.3 ivy file: using exactOrRegexp as default matcher
	confs: [default]
	retrieving /Users/nnarkhed/.ivy2/cache/org.scala-lang/scala-library/jars/scala-library-2.8.0.jar
		to /Users/nnarkhed/network/Projects/scalathon/project/boot/scala-2.8.0/lib/scala-library.jar
	retrieving /Users/nnarkhed/.ivy2/cache/org.scala-lang/scala-compiler/jars/scala-compiler-2.8.0.jar
		to /Users/nnarkhed/network/Projects/scalathon/project/boot/scala-2.8.0/lib/scala-compiler.jar
	2 artifacts copied, 0 already retrieved (14484kB/1041ms)
	retrieve done (1041ms)
